{"C:\\Users\\USER\\OneDrive\\Desktop\\CS4218\\forked_copy2\\cs4218-2420-ecom-project-team21\\middlewares\\authMiddleware.js": {"path":"C:\\Users\\USER\\OneDrive\\Desktop\\CS4218\\forked_copy2\\cs4218-2420-ecom-project-team21\\middlewares\\authMiddleware.js","statementMap":{"0":{"start":{"line":5,"column":29},"end":{"line":16,"column":1}},"1":{"start":{"line":6,"column":4},"end":{"line":15,"column":5}},"2":{"start":{"line":7,"column":23},"end":{"line":10,"column":9}},"3":{"start":{"line":11,"column":8},"end":{"line":11,"column":26}},"4":{"start":{"line":12,"column":8},"end":{"line":12,"column":15}},"5":{"start":{"line":14,"column":8},"end":{"line":14,"column":27}},"6":{"start":{"line":19,"column":23},"end":{"line":38,"column":1}},"7":{"start":{"line":20,"column":4},"end":{"line":37,"column":5}},"8":{"start":{"line":21,"column":21},"end":{"line":21,"column":59}},"9":{"start":{"line":22,"column":8},"end":{"line":29,"column":9}},"10":{"start":{"line":23,"column":12},"end":{"line":26,"column":15}},"11":{"start":{"line":28,"column":12},"end":{"line":28,"column":19}},"12":{"start":{"line":31,"column":8},"end":{"line":31,"column":27}},"13":{"start":{"line":32,"column":8},"end":{"line":36,"column":11}}},"fnMap":{"0":{"name":"(anonymous_0)","decl":{"start":{"line":5,"column":29},"end":{"line":5,"column":30}},"loc":{"start":{"line":5,"column":55},"end":{"line":16,"column":1}},"line":5},"1":{"name":"(anonymous_1)","decl":{"start":{"line":19,"column":23},"end":{"line":19,"column":24}},"loc":{"start":{"line":19,"column":49},"end":{"line":38,"column":1}},"line":19}},"branchMap":{"0":{"loc":{"start":{"line":22,"column":8},"end":{"line":29,"column":9}},"type":"if","locations":[{"start":{"line":22,"column":8},"end":{"line":29,"column":9}},{"start":{"line":27,"column":15},"end":{"line":29,"column":9}}],"line":22}},"s":{"0":0,"1":0,"2":0,"3":0,"4":0,"5":0,"6":0,"7":0,"8":0,"9":0,"10":0,"11":0,"12":0,"13":0},"f":{"0":0,"1":0},"b":{"0":[0,0]}}
}
